#-----------------------------------------------------------
# Vivado v2019.2 (64-bit)
# SW Build 2708876 on Wed Nov  6 21:40:23 MST 2019
# IP Build 2700528 on Thu Nov  7 00:09:20 MST 2019
# Start of session at: Mon Apr 19 18:10:22 2021
# Process ID: 2792
# Current directory: C:/Users/rajat/Downloads/Memory Design Project/MDT
# Command line: vivado.exe -gui_launcher_event rodinguilauncherevent19748 C:\Users\rajat\Downloads\Memory Design Project\MDT\MDT.xpr
# Log file: C:/Users/rajat/Downloads/Memory Design Project/MDT/vivado.log
# Journal file: C:/Users/rajat/Downloads/Memory Design Project/MDT\vivado.jou
#-----------------------------------------------------------
start_gui
open_project {C:/Users/rajat/Downloads/Memory Design Project/MDT/MDT.xpr}
Scanning sources...
Finished scanning sources
INFO: [IP_Flow 19-234] Refreshing IP repositories
INFO: [IP_Flow 19-1704] No user IP repositories specified
INFO: [IP_Flow 19-2313] Loaded Vivado IP repository 'D:/Xilinx/Vivado/2019.2/data/ip'.
open_project: Time (s): cpu = 00:00:11 ; elapsed = 00:00:20 . Memory (MB): peak = 852.398 ; gain = 221.090
update_compile_order -fileset sources_1
set_property top MarchA_tb [get_filesets sim_1]
set_property top_lib xil_defaultlib [get_filesets sim_1]
update_compile_order -fileset sim_1
launch_simulation
Command: launch_simulation 
INFO: [Vivado 12-5682] Launching behavioral simulation in 'C:/Users/rajat/Downloads/Memory Design Project/MDT/MDT.sim/sim_1/behav/xsim'
INFO: [SIM-utils-51] Simulation object is 'sim_1'
INFO: [SIM-utils-54] Inspecting design source files for 'MarchA_tb' in fileset 'sim_1'...
INFO: [USF-XSim-97] Finding global include files...
INFO: [USF-XSim-98] Fetching design files from 'sim_1'...
INFO: [USF-XSim-2] XSim::Compile design
INFO: [USF-XSim-61] Executing 'COMPILE and ANALYZE' step in 'C:/Users/rajat/Downloads/Memory Design Project/MDT/MDT.sim/sim_1/behav/xsim'
"xvlog --incr --relax -prj MarchA_tb_vlog.prj"
INFO: [VRFC 10-2263] Analyzing Verilog file "C:/Users/rajat/Downloads/Memory Design Project/MDT/MDT.srcs/sources_1/new/memory_inversion.v" into library xil_defaultlib
INFO: [VRFC 10-311] analyzing module memory_InvC
INFO: [VRFC 10-2263] Analyzing Verilog file "C:/Users/rajat/Downloads/Memory Design Project/MDT/MDT.srcs/sim_1/new/MarchA_tb.v" into library xil_defaultlib
INFO: [VRFC 10-311] analyzing module MarchA_tb
INFO: [USF-XSim-69] 'compile' step finished in '3' seconds
INFO: [USF-XSim-3] XSim::Elaborate design
INFO: [USF-XSim-61] Executing 'ELABORATE' step in 'C:/Users/rajat/Downloads/Memory Design Project/MDT/MDT.sim/sim_1/behav/xsim'
"xelab -wto 9d6e2a3a01a149099c0dca59099b59db --incr --debug typical --relax --mt 2 -L xil_defaultlib -L unisims_ver -L unimacro_ver -L secureip --snapshot MarchA_tb_behav xil_defaultlib.MarchA_tb xil_defaultlib.glbl -log elaborate.log"
Vivado Simulator 2019.2
Copyright 1986-1999, 2001-2019 Xilinx, Inc. All Rights Reserved.
Running: D:/Xilinx/Vivado/2019.2/bin/unwrapped/win64.o/xelab.exe -wto 9d6e2a3a01a149099c0dca59099b59db --incr --debug typical --relax --mt 2 -L xil_defaultlib -L unisims_ver -L unimacro_ver -L secureip --snapshot MarchA_tb_behav xil_defaultlib.MarchA_tb xil_defaultlib.glbl -log elaborate.log 
Using 2 slave threads.
Starting static elaboration
Pass Through NonSizing Optimizer
Completed static elaboration
Starting simulation data flow analysis
Completed simulation data flow analysis
Time Resolution for simulation is 1ps
Compiling module xil_defaultlib.memory_InvC_default
Compiling module xil_defaultlib.MarchA_tb
Compiling module xil_defaultlib.glbl
Built simulation snapshot MarchA_tb_behav

****** Webtalk v2019.2 (64-bit)
  **** SW Build 2708876 on Wed Nov  6 21:40:23 MST 2019
  **** IP Build 2700528 on Thu Nov  7 00:09:20 MST 2019
    ** Copyright 1986-2019 Xilinx, Inc. All Rights Reserved.

source C:/Users/rajat/Downloads/Memory -notrace
couldn't read file "C:/Users/rajat/Downloads/Memory": no such file or directory
INFO: [Common 17-206] Exiting Webtalk at Mon Apr 19 18:12:34 2021...
run_program: Time (s): cpu = 00:00:00 ; elapsed = 00:00:06 . Memory (MB): peak = 873.938 ; gain = 0.000
INFO: [USF-XSim-69] 'elaborate' step finished in '6' seconds
INFO: [USF-XSim-4] XSim::Simulate design
INFO: [USF-XSim-61] Executing 'SIMULATE' step in 'C:/Users/rajat/Downloads/Memory Design Project/MDT/MDT.sim/sim_1/behav/xsim'
INFO: [USF-XSim-98] *** Running xsim
   with args "MarchA_tb_behav -key {Behavioral:sim_1:Functional:MarchA_tb} -tclbatch {MarchA_tb.tcl} -log {simulate.log}"
INFO: [USF-XSim-8] Loading simulator feature
Vivado Simulator 2019.2
Time resolution is 1 ps
source MarchA_tb.tcl
# set curr_wave [current_wave_config]
# if { [string length $curr_wave] == 0 } {
#   if { [llength [get_objects]] > 0} {
#     add_wave /
#     set_property needs_save false [current_wave_config]
#   } else {
#      send_msg_id Add_Wave-1 WARNING "No top level signals found. Simulator will start without a wave window. If you want to open a wave window go to 'File->New Waveform Configuration' or type 'create_wave_config' in the TCL console."
#   }
# }
# run 1000ns
xxxx
xxxx
xxxx
xxxx

0010
0000
0000
0000

0000
0000
0000
0000

W0 (updown) beginning
0000
0000
0000
0000

0000
0000
0000
0000

0000
0000
0000
0000

0000
0000
0000
0000

0000
0000
0000
0000

0000
0000
0000
0000

0000
0000
0000
0000

0000
0000
0000
0000

0000
0000
0000
0000

0000
0000
0000
0000

0000
0000
0000
0000

0000
0000
0000
0000

0000
0000
0000
0000

0000
0000
0000
0000

0000
0000
0000
0000

0000
0000
0000
0000

W0 (updown) done
0000
0000
0000
0000

R0,W1,W0,W1 (up) beginning
0000
0000
0000
0000

1000
0000
0000
0000

0000
0000
0000
0000

1000
0000
0000
0000

1000
0000
0000
0000

1100
0000
0000
0000

1000
0000
0000
0000

1100
0000
0000
0000

1100
0000
0000
0000

1110
0000
0000
0000

1100
0000
0000
0000

1110
0000
0000
0000

1110
0000
0000
0000

1111
0000
0000
0000

1110
0000
0000
0000

1111
0000
0000
0000

1111
0000
0000
0000

1111
1000
0000
0000

1111
0000
0000
0000

1111
1000
0000
0000

1111
1000
0000
0000

1111
1100
0000
0000

1111
1000
0000
0000

1111
1100
0000
0000

1111
1100
0000
0000

1111
1110
0000
0000

1111
1100
0000
0000

1111
1110
0000
0000

1111
1110
0000
0000

1111
1111
0000
0000

1111
1110
0000
0000

1111
1111
0000
0000

1111
1111
0000
0000

1111
1111
1000
0000

1111
1111
0000
0000

1111
1111
1000
0000

1111
1111
1000
0000

1111
1111
1100
0000

1111
1111
1000
0000

1111
1111
1100
0000

1111
1111
1100
0000

1111
1111
1110
0000

1111
1111
1100
0000

1111
1111
1110
0000

1111
1111
1110
0000

1101
1111
1111
0000

1111
1111
1110
0000

1101
1111
1111
0000

1101
1111
1111
0000

1101
1111
1111
1000

1101
1111
1111
0000

1101
1111
1111
1000

1101
1111
1111
1000

1101
1111
1111
1100

1101
1111
1111
1000

1101
1111
1111
1100

1101
1111
1111
1100

1101
1111
1111
1110

1101
1111
1111
1100

1101
1111
1111
1110

1101
1111
1111
1110

1101
1111
1111
1111

1101
1111
1111
1110

1101
1111
1111
1111

R0,W1,W0,W1 (up) done
1101
1111
1111
1111

R1,W0,W1 (up) beginning
1101
1111
1111
1111

0101
1111
1111
1111

1101
1111
1111
1111

1101
1111
1111
1111

1001
1111
1111
1111

1101
1111
1111
1111

1101
1111
1111
1111

Error found !!
Memory Test Failed
1101
1111
1111
1111

1111
1111
1111
1111

1111
1111
1111
1111

1110
1111
1111
1111

1111
1111
1111
1111

1111
1111
1111
1111

1111
0111
1111
1111

1111
1111
1111
1111

1111
1111
1111
1111

1111
1011
1111
1111

1111
1111
1111
1111

1111
1111
1111
1111

1111
1101
1111
1111

1111
1111
1111
1111

1111
1111
1111
1111

1111
1110
1111
1111

1111
1111
1111
1111

1111
1111
1111
1111

1111
1111
0111
1111

1111
1111
1111
1111

1111
1111
1111
1111

1111
1111
1011
1111

1111
1111
1111
1111

1111
1111
1111
1111

1111
1111
1101
1111

1111
1111
1111
1111

1111
1111
1111
1111

1101
1111
1110
1111

1111
1111
1111
1111

1111
1111
1111
1111

1111
1111
1111
0111

1111
1111
1111
1111

1111
1111
1111
1111

1111
1111
1111
1011

1111
1111
1111
1111

1111
1111
1111
1111

1111
1111
1111
1101

1111
1111
1111
1111

1111
1111
1111
1111

1111
1111
1111
1110

1111
1111
1111
1111

R1,W0,W1 (up) done
1111
1111
1111
1111

R1,W0,W1,W0 (down) beginning
1111
1111
1111
1111

1111
1111
1111
1110

1111
1111
1111
1111

1111
1111
1111
1110

1111
1111
1111
1110

1111
1111
1111
1100

1111
1111
1111
1110

1111
1111
1111
1100

1111
1111
1111
1100

1111
1111
1111
1000

1111
1111
1111
1100

1111
1111
1111
1000

1111
1111
1111
1000

1111
1111
1111
0000

1111
1111
1111
1000

1111
1111
1111
0000

1111
1111
1111
0000

1101
1111
1110
0000

1111
1111
1111
0000

1101
1111
1110
0000

1101
1111
1110
0000

1101
1111
1100
0000

1101
1111
1110
0000

1101
1111
1100
0000

1101
1111
1100
0000

1101
1111
1000
0000

1101
1111
1100
0000

1101
1111
1000
0000

1101
1111
1000
0000

1101
1111
0000
0000

1101
1111
1000
0000

1101
1111
0000
0000

1101
1111
0000
0000

1101
1110
0000
0000

1101
1111
0000
0000

1101
1110
0000
0000

1101
1110
0000
0000

1101
1100
0000
0000

1101
1110
0000
0000

1101
1100
0000
0000

1101
1100
0000
0000

1101
1000
0000
0000

1101
1100
0000
0000

1101
1000
0000
0000

1101
1000
0000
0000

1101
0000
0000
0000

1101
1000
0000
0000

1101
0000
0000
0000

1101
0000
0000
0000

1100
0000
0000
0000

1101
0000
0000
0000

1100
0000
0000
0000

1100
0000
0000
0000

Error found !!
Memory Test Failed
1100
0000
0000
0000

1110
0000
0000
0000

1100
0000
0000
0000

1100
0000
0000
0000

1000
0000
0000
0000

1100
0000
0000
0000

1000
0000
0000
0000

1000
0000
0000
0000

0000
0000
0000
0000

1000
0000
0000
0000

0000
0000
0000
0000

R1,W0,W1,W0 (down) done
0000
0000
0000
0000

R0,W1,W0 (down) beginning
0000
0000
0000
0000

0000
0000
0000
0001

0000
0000
0000
0000

0000
0000
0000
0000

0000
0000
0000
0010

0000
0000
0000
0000

0000
0000
0000
0000

0000
0000
0000
0100

0000
0000
0000
0000

0000
0000
0000
0000

0000
0000
0000
1000

0000
0000
0000
0000

0000
0000
0000
0000

0010
0000
0001
0000

0000
0000
0000
0000

0000
0000
0000
0000

0000
0000
0010
0000

0000
0000
0000
0000

0000
0000
0000
0000

0000
0000
0100
0000

0000
0000
0000
0000

0000
0000
0000
0000

0000
0000
1000
0000

0000
0000
0000
0000

0000
0000
0000
0000

0000
0001
0000
0000

0000
0000
0000
0000

0000
0000
0000
0000

0000
0010
0000
0000

0000
0000
0000
0000

0000
0000
0000
0000

0000
0100
0000
0000

0000
0000
0000
0000

0000
0000
0000
0000

0000
1000
0000
0000

0000
0000
0000
0000

0000
0000
0000
0000

0001
0000
0000
0000

0000
0000
0000
0000

0000
0000
0000
0000

0010
0000
0000
0000

0000
0000
0000
0000

0000
0000
0000
0000

0100
0000
0000
0000

0000
0000
0000
0000

0000
0000
0000
0000

1000
0000
0000
0000

0000
0000
0000
0000

R0,W1,W0 (down) done
$finish called at time : 493 ns : File "C:/Users/rajat/Downloads/Memory Design Project/MDT/MDT.srcs/sim_1/new/MarchA_tb.v" Line 416
INFO: [USF-XSim-96] XSim completed. Design snapshot 'MarchA_tb_behav' loaded.
INFO: [USF-XSim-97] XSim simulation ran for 1000ns
launch_simulation: Time (s): cpu = 00:00:10 ; elapsed = 00:00:14 . Memory (MB): peak = 905.023 ; gain = 31.086
close_sim
INFO: [Simtcl 6-16] Simulation closed
add_files -norecurse {{C:/Users/rajat/Downloads/Memory Design Project/MDT/MDT.srcs/sources_1/new/memory_NC.v} {C:/Users/rajat/Downloads/Memory Design Project/MDT/MDT.srcs/sources_1/new/memory_N.v}}
update_compile_order -fileset sources_1
set_property top MarchCminus_tb [get_filesets sim_1]
set_property top_lib xil_defaultlib [get_filesets sim_1]
update_compile_order -fileset sim_1
launch_simulation
Command: launch_simulation 
INFO: [Vivado 12-5682] Launching behavioral simulation in 'C:/Users/rajat/Downloads/Memory Design Project/MDT/MDT.sim/sim_1/behav/xsim'
INFO: [SIM-utils-51] Simulation object is 'sim_1'
INFO: [SIM-utils-54] Inspecting design source files for 'MarchCminus_tb' in fileset 'sim_1'...
INFO: [USF-XSim-97] Finding global include files...
INFO: [USF-XSim-98] Fetching design files from 'sim_1'...
INFO: [USF-XSim-2] XSim::Compile design
INFO: [USF-XSim-61] Executing 'COMPILE and ANALYZE' step in 'C:/Users/rajat/Downloads/Memory Design Project/MDT/MDT.sim/sim_1/behav/xsim'
"xvlog --incr --relax -prj MarchCminus_tb_vlog.prj"
INFO: [VRFC 10-2263] Analyzing Verilog file "C:/Users/rajat/Downloads/Memory Design Project/MDT/MDT.srcs/sources_1/new/memory_NC.v" into library xil_defaultlib
INFO: [VRFC 10-311] analyzing module memory_NC
INFO: [VRFC 10-2263] Analyzing Verilog file "C:/Users/rajat/Downloads/Memory Design Project/MDT/MDT.srcs/sim_1/new/MarchCminus_tb.v" into library xil_defaultlib
INFO: [VRFC 10-311] analyzing module MarchCminus_tb
INFO: [USF-XSim-69] 'compile' step finished in '2' seconds
INFO: [USF-XSim-3] XSim::Elaborate design
INFO: [USF-XSim-61] Executing 'ELABORATE' step in 'C:/Users/rajat/Downloads/Memory Design Project/MDT/MDT.sim/sim_1/behav/xsim'
"xelab -wto 9d6e2a3a01a149099c0dca59099b59db --incr --debug typical --relax --mt 2 -L xil_defaultlib -L unisims_ver -L unimacro_ver -L secureip --snapshot MarchCminus_tb_behav xil_defaultlib.MarchCminus_tb xil_defaultlib.glbl -log elaborate.log"
Vivado Simulator 2019.2
Copyright 1986-1999, 2001-2019 Xilinx, Inc. All Rights Reserved.
Running: D:/Xilinx/Vivado/2019.2/bin/unwrapped/win64.o/xelab.exe -wto 9d6e2a3a01a149099c0dca59099b59db --incr --debug typical --relax --mt 2 -L xil_defaultlib -L unisims_ver -L unimacro_ver -L secureip --snapshot MarchCminus_tb_behav xil_defaultlib.MarchCminus_tb xil_defaultlib.glbl -log elaborate.log 
Using 2 slave threads.
Starting static elaboration
Pass Through NonSizing Optimizer
Completed static elaboration
Starting simulation data flow analysis
Completed simulation data flow analysis
Time Resolution for simulation is 1ps
Compiling module xil_defaultlib.memory_NC_default
Compiling module xil_defaultlib.MarchCminus_tb
Compiling module xil_defaultlib.glbl
Built simulation snapshot MarchCminus_tb_behav
INFO: [USF-XSim-69] 'elaborate' step finished in '2' seconds
INFO: [USF-XSim-4] XSim::Simulate design
INFO: [USF-XSim-61] Executing 'SIMULATE' step in 'C:/Users/rajat/Downloads/Memory Design Project/MDT/MDT.sim/sim_1/behav/xsim'
INFO: [USF-XSim-98] *** Running xsim
   with args "MarchCminus_tb_behav -key {Behavioral:sim_1:Functional:MarchCminus_tb} -tclbatch {MarchCminus_tb.tcl} -log {simulate.log}"
INFO: [USF-XSim-8] Loading simulator feature
Vivado Simulator 2019.2
Time resolution is 1 ps
source MarchCminus_tb.tcl
# set curr_wave [current_wave_config]
# if { [string length $curr_wave] == 0 } {
#   if { [llength [get_objects]] > 0} {
#     add_wave /
#     set_property needs_save false [current_wave_config]
#   } else {
#      send_msg_id Add_Wave-1 WARNING "No top level signals found. Simulator will start without a wave window. If you want to open a wave window go to 'File->New Waveform Configuration' or type 'create_wave_config' in the TCL console."
#   }
# }
# run 1000ns
xxxx
xxxx
xxxx
xxxx

0000
0000
0000
0000

0000
0000
0000
0000

W0 (updown) beginning
0000
0000
0000
0000

0000
0000
0000
0000

0000
0000
0000
0000

0000
0000
0000
0000

0000
0000
0000
0000

0000
0000
0000
0000

0000
0000
0000
0000

0000
0000
0000
0000

0000
0000
0000
0000

0000
0000
0000
0000

0000
0000
0000
0000

0000
0000
0000
0000

0000
0000
0000
0000

0000
0000
0000
0000

0000
0000
0000
0000

0000
0000
0000
0000

W0 (updown) done
0000
0000
0000
0000

R0,W1 (up) beginning
0000
0000
0000
0000

1000
0000
0000
0000

1000
0000
0000
0000

1100
0000
0000
0000

1100
0000
0000
0000

1110
0000
0000
0000

1110
0000
0000
0000

1111
0000
0000
0000

1111
0000
0000
0000

1111
1000
0000
0000

1111
1000
0000
0000

1111
1000
0000
0000

1111
1000
0000
0000

1111
1110
0000
0000

1111
1110
0000
0000

1111
1111
0000
0000

1111
1111
0000
0000

1111
1111
1000
0000

1111
1111
1000
0000

1111
1111
1100
0000

1111
1111
1100
0000

1111
1111
1110
0000

1111
1111
1110
0000

1111
1111
1111
0000

1111
1111
1111
0000

1111
1111
1111
1000

1111
1111
1111
1000

1111
1111
1111
1100

1111
1111
1111
1100

1111
1111
1111
1110

1111
1111
1111
1110

1111
1111
1111
1111

R0,W1 (up) done
1111
1111
1111
1111

R1,W0 (up) beginning
1111
1111
1111
1111

0111
1111
1111
1111

0111
1111
1111
1111

0011
1111
1111
1111

0011
1111
1111
1111

0001
1111
1111
1111

0001
1111
1111
1111

0000
1111
1111
1111

0000
1111
1111
1111

0000
0111
1111
1111

0000
0111
1111
1111

0000
0011
1111
1111

0000
0011
1111
1111

0000
0001
1111
1111

0000
0001
1111
1111

0000
0000
1111
1111

0000
0000
1111
1111

0000
0000
0111
1111

0000
0000
0111
1111

0000
0000
0011
1111

0000
0000
0011
1111

0000
0000
0001
1111

0000
0000
0001
1111

0000
0000
0000
1111

0000
0000
0000
1111

0000
0000
0000
0111

0000
0000
0000
0111

0000
0000
0000
0011

0000
0000
0000
0011

0000
0000
0000
0001

0000
0000
0000
0001

0000
0000
0000
0000

R1,W0 (up) done
0000
0000
0000
0000

R0,W1 (down) beginning
0000
0000
0000
0000

0000
0000
0000
0001

0000
0000
0000
0001

0000
0000
0000
0011

0000
0000
0000
0011

0000
0000
0000
0111

0000
0000
0000
0111

0000
0000
0000
1111

0000
0000
0000
1111

0000
0000
0001
1111

0000
0000
0001
1111

0000
0000
0011
1111

0000
0000
0011
1111

0000
0000
0111
1111

0000
0000
0111
1111

0000
0000
1111
1111

0000
0000
1111
1111

0000
0001
1111
1111

0000
0001
1111
1111

0000
0011
1111
1111

0000
0011
1111
1111

0000
0111
1111
1111

0000
0111
1111
1111

0000
1111
1111
1111

0000
1111
1111
1111

0001
1111
1111
1111

0001
1111
1111
1111

0011
1111
1111
1111

0011
1111
1111
1111

0111
1111
1111
1111

0111
1111
1111
1111

1111
1111
1111
1111

R0,W1 (down) done
1111
1111
1111
1111

R1,W0 (down) beginning
1111
1111
1111
1111

1111
1111
1111
1110

1111
1111
1111
1110

1111
1111
1111
1100

1111
1111
1111
1100

1111
1111
1111
1000

1111
1111
1111
1000

1111
1111
1111
0000

1111
1111
1111
0000

1111
1111
1110
0000

1111
1111
1110
0000

1111
1111
1100
0000

1111
1111
1100
0000

1111
1111
1000
0000

1111
1111
1000
0000

1111
1111
0000
0000

1111
1111
0000
0000

1111
1110
0000
0000

1111
1110
0000
0000

1111
1000
0000
0000

1111
1000
0000
0000

Error found !!
Memory Test Failed
1111
1000
0000
0000

1111
1000
0000
0000

1111
0000
0000
0000

1111
0000
0000
0000

1110
0000
0000
0000

1110
0000
0000
0000

1100
0000
0000
0000

1100
0000
0000
0000

1000
0000
0000
0000

1000
0000
0000
0000

0000
0000
0000
0000

R1,W0 (down) done
0000
0000
0000
0000

R0 (updown) beginning
0000
0000
0000
0000

0000
0000
0000
0000

0000
0000
0000
0000

0000
0000
0000
0000

0000
0000
0000
0000

0000
0000
0000
0000

0000
0000
0000
0000

0000
0000
0000
0000

0000
0000
0000
0000

0000
0000
0000
0000

0000
0000
0000
0000

0000
0000
0000
0000

0000
0000
0000
0000

0000
0000
0000
0000

0000
0000
0000
0000

0000
0000
0000
0000

R0 (updown) done
$finish called at time : 335 ns : File "C:/Users/rajat/Downloads/Memory Design Project/MDT/MDT.srcs/sim_1/new/MarchCminus_tb.v" Line 398
INFO: [USF-XSim-96] XSim completed. Design snapshot 'MarchCminus_tb_behav' loaded.
INFO: [USF-XSim-97] XSim simulation ran for 1000ns
launch_simulation: Time (s): cpu = 00:00:05 ; elapsed = 00:00:07 . Memory (MB): peak = 917.473 ; gain = 0.781
close_sim
INFO: [Simtcl 6-16] Simulation closed
set_property top MarchX_tb [get_filesets sim_1]
set_property top_lib xil_defaultlib [get_filesets sim_1]
update_compile_order -fileset sim_1
launch_simulation
Command: launch_simulation 
INFO: [Vivado 12-5682] Launching behavioral simulation in 'C:/Users/rajat/Downloads/Memory Design Project/MDT/MDT.sim/sim_1/behav/xsim'
INFO: [SIM-utils-51] Simulation object is 'sim_1'
INFO: [SIM-utils-54] Inspecting design source files for 'MarchX_tb' in fileset 'sim_1'...
INFO: [USF-XSim-97] Finding global include files...
INFO: [USF-XSim-98] Fetching design files from 'sim_1'...
INFO: [USF-XSim-2] XSim::Compile design
INFO: [USF-XSim-61] Executing 'COMPILE and ANALYZE' step in 'C:/Users/rajat/Downloads/Memory Design Project/MDT/MDT.sim/sim_1/behav/xsim'
"xvlog --incr --relax -prj MarchX_tb_vlog.prj"
INFO: [VRFC 10-2263] Analyzing Verilog file "C:/Users/rajat/Downloads/Memory Design Project/MDT/MDT.srcs/sources_1/new/memory_inversion.v" into library xil_defaultlib
INFO: [VRFC 10-311] analyzing module memory_InvC
INFO: [VRFC 10-2263] Analyzing Verilog file "C:/Users/rajat/Downloads/Memory Design Project/MDT/MDT.srcs/sim_1/new/MarchX_tb.v" into library xil_defaultlib
INFO: [VRFC 10-311] analyzing module MarchX_tb
INFO: [USF-XSim-69] 'compile' step finished in '2' seconds
INFO: [USF-XSim-3] XSim::Elaborate design
INFO: [USF-XSim-61] Executing 'ELABORATE' step in 'C:/Users/rajat/Downloads/Memory Design Project/MDT/MDT.sim/sim_1/behav/xsim'
"xelab -wto 9d6e2a3a01a149099c0dca59099b59db --incr --debug typical --relax --mt 2 -L xil_defaultlib -L unisims_ver -L unimacro_ver -L secureip --snapshot MarchX_tb_behav xil_defaultlib.MarchX_tb xil_defaultlib.glbl -log elaborate.log"
Vivado Simulator 2019.2
Copyright 1986-1999, 2001-2019 Xilinx, Inc. All Rights Reserved.
Running: D:/Xilinx/Vivado/2019.2/bin/unwrapped/win64.o/xelab.exe -wto 9d6e2a3a01a149099c0dca59099b59db --incr --debug typical --relax --mt 2 -L xil_defaultlib -L unisims_ver -L unimacro_ver -L secureip --snapshot MarchX_tb_behav xil_defaultlib.MarchX_tb xil_defaultlib.glbl -log elaborate.log 
Using 2 slave threads.
Starting static elaboration
Pass Through NonSizing Optimizer
Completed static elaboration
Starting simulation data flow analysis
Completed simulation data flow analysis
Time Resolution for simulation is 1ps
Compiling module xil_defaultlib.memory_InvC_default
Compiling module xil_defaultlib.MarchX_tb
Compiling module xil_defaultlib.glbl
Built simulation snapshot MarchX_tb_behav
INFO: [USF-XSim-69] 'elaborate' step finished in '2' seconds
INFO: [USF-XSim-4] XSim::Simulate design
INFO: [USF-XSim-61] Executing 'SIMULATE' step in 'C:/Users/rajat/Downloads/Memory Design Project/MDT/MDT.sim/sim_1/behav/xsim'
INFO: [USF-XSim-98] *** Running xsim
   with args "MarchX_tb_behav -key {Behavioral:sim_1:Functional:MarchX_tb} -tclbatch {MarchX_tb.tcl} -log {simulate.log}"
INFO: [USF-XSim-8] Loading simulator feature
Vivado Simulator 2019.2
Time resolution is 1 ps
source MarchX_tb.tcl
# set curr_wave [current_wave_config]
# if { [string length $curr_wave] == 0 } {
#   if { [llength [get_objects]] > 0} {
#     add_wave /
#     set_property needs_save false [current_wave_config]
#   } else {
#      send_msg_id Add_Wave-1 WARNING "No top level signals found. Simulator will start without a wave window. If you want to open a wave window go to 'File->New Waveform Configuration' or type 'create_wave_config' in the TCL console."
#   }
# }
# run 1000ns
xxxx
xxxx
xxxx
xxxx

0010
0000
0000
0000

0000
0000
0000
0000

W0 (updown) beginning
0000
0000
0000
0000

0000
0000
0000
0000

0000
0000
0000
0000

0000
0000
0000
0000

0000
0000
0000
0000

0000
0000
0000
0000

0000
0000
0000
0000

0000
0000
0000
0000

0000
0000
0000
0000

0000
0000
0000
0000

0000
0000
0000
0000

0000
0000
0000
0000

0000
0000
0000
0000

0000
0000
0000
0000

0000
0000
0000
0000

0000
0000
0000
0000

W0 (updown) done
0000
0000
0000
0000

R0,W1 (up) beginning
0000
0000
0000
0000

1000
0000
0000
0000

1000
0000
0000
0000

1100
0000
0000
0000

1100
0000
0000
0000

1110
0000
0000
0000

1110
0000
0000
0000

1111
0000
0000
0000

1111
0000
0000
0000

1111
1000
0000
0000

1111
1000
0000
0000

1111
1100
0000
0000

1111
1100
0000
0000

1111
1110
0000
0000

1111
1110
0000
0000

1111
1111
0000
0000

1111
1111
0000
0000

1111
1111
1000
0000

1111
1111
1000
0000

1111
1111
1100
0000

1111
1111
1100
0000

1111
1111
1110
0000

1111
1111
1110
0000

1101
1111
1111
0000

1101
1111
1111
0000

1101
1111
1111
1000

1101
1111
1111
1000

1101
1111
1111
1100

1101
1111
1111
1100

1101
1111
1111
1110

1101
1111
1111
1110

1101
1111
1111
1111

R0,W1 (up) done
1101
1111
1111
1111

R1,W0 (down) beginning
1101
1111
1111
1111

1101
1111
1111
1110

1101
1111
1111
1110

1101
1111
1111
1100

1101
1111
1111
1100

1101
1111
1111
1000

1101
1111
1111
1000

1101
1111
1111
0000

1101
1111
1111
0000

1111
1111
1110
0000

1111
1111
1110
0000

1111
1111
1100
0000

1111
1111
1100
0000

1111
1111
1000
0000

1111
1111
1000
0000

1111
1111
0000
0000

1111
1111
0000
0000

1111
1110
0000
0000

1111
1110
0000
0000

1111
1100
0000
0000

1111
1100
0000
0000

1111
1000
0000
0000

1111
1000
0000
0000

1111
0000
0000
0000

1111
0000
0000
0000

1110
0000
0000
0000

1110
0000
0000
0000

1100
0000
0000
0000

1100
0000
0000
0000

1000
0000
0000
0000

1000
0000
0000
0000

0000
0000
0000
0000

R1,W0 (down) done
0000
0000
0000
0000

R0 (updown) beginning
0000
0000
0000
0000

0000
0000
0000
0000

0000
0000
0000
0000

0000
0000
0000
0000

0000
0000
0000
0000

0000
0000
0000
0000

0000
0000
0000
0000

0000
0000
0000
0000

0000
0000
0000
0000

0000
0000
0000
0000

0000
0000
0000
0000

0000
0000
0000
0000

0000
0000
0000
0000

0000
0000
0000
0000

0000
0000
0000
0000

0000
0000
0000
0000

R0 (updown) done
$finish called at time : 203 ns : File "C:/Users/rajat/Downloads/Memory Design Project/MDT/MDT.srcs/sim_1/new/MarchX_tb.v" Line 282
INFO: [USF-XSim-96] XSim completed. Design snapshot 'MarchX_tb_behav' loaded.
INFO: [USF-XSim-97] XSim simulation ran for 1000ns
launch_simulation: Time (s): cpu = 00:00:04 ; elapsed = 00:00:07 . Memory (MB): peak = 941.453 ; gain = 0.000
close_sim
INFO: [Simtcl 6-16] Simulation closed
set_property top MarchCminus_tb [get_filesets sim_1]
set_property top_lib xil_defaultlib [get_filesets sim_1]
update_compile_order -fileset sim_1
launch_simulation
Command: launch_simulation 
INFO: [Vivado 12-5682] Launching behavioral simulation in 'C:/Users/rajat/Downloads/Memory Design Project/MDT/MDT.sim/sim_1/behav/xsim'
INFO: [SIM-utils-51] Simulation object is 'sim_1'
INFO: [SIM-utils-54] Inspecting design source files for 'MarchCminus_tb' in fileset 'sim_1'...
INFO: [USF-XSim-97] Finding global include files...
INFO: [USF-XSim-98] Fetching design files from 'sim_1'...
INFO: [USF-XSim-2] XSim::Compile design
INFO: [USF-XSim-61] Executing 'COMPILE and ANALYZE' step in 'C:/Users/rajat/Downloads/Memory Design Project/MDT/MDT.sim/sim_1/behav/xsim'
"xvlog --incr --relax -prj MarchCminus_tb_vlog.prj"
INFO: [VRFC 10-2263] Analyzing Verilog file "C:/Users/rajat/Downloads/Memory Design Project/MDT/MDT.srcs/sources_1/new/memory_inversion.v" into library xil_defaultlib
INFO: [VRFC 10-311] analyzing module memory_InvC
INFO: [VRFC 10-2263] Analyzing Verilog file "C:/Users/rajat/Downloads/Memory Design Project/MDT/MDT.srcs/sim_1/new/MarchCminus_tb.v" into library xil_defaultlib
INFO: [VRFC 10-311] analyzing module MarchCminus_tb
INFO: [USF-XSim-69] 'compile' step finished in '2' seconds
INFO: [USF-XSim-3] XSim::Elaborate design
INFO: [USF-XSim-61] Executing 'ELABORATE' step in 'C:/Users/rajat/Downloads/Memory Design Project/MDT/MDT.sim/sim_1/behav/xsim'
"xelab -wto 9d6e2a3a01a149099c0dca59099b59db --incr --debug typical --relax --mt 2 -L xil_defaultlib -L unisims_ver -L unimacro_ver -L secureip --snapshot MarchCminus_tb_behav xil_defaultlib.MarchCminus_tb xil_defaultlib.glbl -log elaborate.log"
Vivado Simulator 2019.2
Copyright 1986-1999, 2001-2019 Xilinx, Inc. All Rights Reserved.
Running: D:/Xilinx/Vivado/2019.2/bin/unwrapped/win64.o/xelab.exe -wto 9d6e2a3a01a149099c0dca59099b59db --incr --debug typical --relax --mt 2 -L xil_defaultlib -L unisims_ver -L unimacro_ver -L secureip --snapshot MarchCminus_tb_behav xil_defaultlib.MarchCminus_tb xil_defaultlib.glbl -log elaborate.log 
Using 2 slave threads.
Starting static elaboration
Pass Through NonSizing Optimizer
Completed static elaboration
Starting simulation data flow analysis
Completed simulation data flow analysis
Time Resolution for simulation is 1ps
Compiling module xil_defaultlib.memory_InvC_default
Compiling module xil_defaultlib.MarchCminus_tb
Compiling module xil_defaultlib.glbl
Built simulation snapshot MarchCminus_tb_behav
INFO: [USF-XSim-69] 'elaborate' step finished in '2' seconds
INFO: [USF-XSim-4] XSim::Simulate design
INFO: [USF-XSim-61] Executing 'SIMULATE' step in 'C:/Users/rajat/Downloads/Memory Design Project/MDT/MDT.sim/sim_1/behav/xsim'
INFO: [USF-XSim-98] *** Running xsim
   with args "MarchCminus_tb_behav -key {Behavioral:sim_1:Functional:MarchCminus_tb} -tclbatch {MarchCminus_tb.tcl} -log {simulate.log}"
INFO: [USF-XSim-8] Loading simulator feature
Vivado Simulator 2019.2
Time resolution is 1 ps
source MarchCminus_tb.tcl
# set curr_wave [current_wave_config]
# if { [string length $curr_wave] == 0 } {
#   if { [llength [get_objects]] > 0} {
#     add_wave /
#     set_property needs_save false [current_wave_config]
#   } else {
#      send_msg_id Add_Wave-1 WARNING "No top level signals found. Simulator will start without a wave window. If you want to open a wave window go to 'File->New Waveform Configuration' or type 'create_wave_config' in the TCL console."
#   }
# }
# run 1000ns
xxxx
xxxx
xxxx
xxxx

0010
0000
0000
0000

0000
0000
0000
0000

W0 (updown) beginning
0000
0000
0000
0000

0000
0000
0000
0000

0000
0000
0000
0000

0000
0000
0000
0000

0000
0000
0000
0000

0000
0000
0000
0000

0000
0000
0000
0000

0000
0000
0000
0000

0000
0000
0000
0000

0000
0000
0000
0000

0000
0000
0000
0000

0000
0000
0000
0000

0000
0000
0000
0000

0000
0000
0000
0000

0000
0000
0000
0000

0000
0000
0000
0000

W0 (updown) done
0000
0000
0000
0000

R0,W1 (up) beginning
0000
0000
0000
0000

1000
0000
0000
0000

1000
0000
0000
0000

1100
0000
0000
0000

1100
0000
0000
0000

1110
0000
0000
0000

1110
0000
0000
0000

1111
0000
0000
0000

1111
0000
0000
0000

1111
1000
0000
0000

1111
1000
0000
0000

1111
1100
0000
0000

1111
1100
0000
0000

1111
1110
0000
0000

1111
1110
0000
0000

1111
1111
0000
0000

1111
1111
0000
0000

1111
1111
1000
0000

1111
1111
1000
0000

1111
1111
1100
0000

1111
1111
1100
0000

1111
1111
1110
0000

1111
1111
1110
0000

1101
1111
1111
0000

1101
1111
1111
0000

1101
1111
1111
1000

1101
1111
1111
1000

1101
1111
1111
1100

1101
1111
1111
1100

1101
1111
1111
1110

1101
1111
1111
1110

1101
1111
1111
1111

R0,W1 (up) done
1101
1111
1111
1111

R1,W0 (up) beginning
1101
1111
1111
1111

0101
1111
1111
1111

0101
1111
1111
1111

0001
1111
1111
1111

0001
1111
1111
1111

Error found !!
Memory Test Failed
0001
1111
1111
1111

0001
1111
1111
1111

0000
1111
1111
1111

0000
1111
1111
1111

0000
0111
1111
1111

0000
0111
1111
1111

0000
0011
1111
1111

0000
0011
1111
1111

0000
0001
1111
1111

0000
0001
1111
1111

0000
0000
1111
1111

0000
0000
1111
1111

0000
0000
0111
1111

0000
0000
0111
1111

0000
0000
0011
1111

0000
0000
0011
1111

0000
0000
0001
1111

0000
0000
0001
1111

0010
0000
0000
1111

0010
0000
0000
1111

0010
0000
0000
0111

0010
0000
0000
0111

0010
0000
0000
0011

0010
0000
0000
0011

0010
0000
0000
0001

0010
0000
0000
0001

0010
0000
0000
0000

R1,W0 (up) done
0010
0000
0000
0000

R0,W1 (down) beginning
0010
0000
0000
0000

0010
0000
0000
0001

0010
0000
0000
0001

0010
0000
0000
0011

0010
0000
0000
0011

0010
0000
0000
0111

0010
0000
0000
0111

0010
0000
0000
1111

0010
0000
0000
1111

0000
0000
0001
1111

0000
0000
0001
1111

0000
0000
0011
1111

0000
0000
0011
1111

0000
0000
0111
1111

0000
0000
0111
1111

0000
0000
1111
1111

0000
0000
1111
1111

0000
0001
1111
1111

0000
0001
1111
1111

0000
0011
1111
1111

0000
0011
1111
1111

0000
0111
1111
1111

0000
0111
1111
1111

0000
1111
1111
1111

0000
1111
1111
1111

0001
1111
1111
1111

0001
1111
1111
1111

0011
1111
1111
1111

0011
1111
1111
1111

0111
1111
1111
1111

0111
1111
1111
1111

1111
1111
1111
1111

R0,W1 (down) done
1111
1111
1111
1111

R1,W0 (down) beginning
1111
1111
1111
1111

1111
1111
1111
1110

1111
1111
1111
1110

1111
1111
1111
1100

1111
1111
1111
1100

1111
1111
1111
1000

1111
1111
1111
1000

1111
1111
1111
0000

1111
1111
1111
0000

1101
1111
1110
0000

1101
1111
1110
0000

1101
1111
1100
0000

1101
1111
1100
0000

1101
1111
1000
0000

1101
1111
1000
0000

1101
1111
0000
0000

1101
1111
0000
0000

1101
1110
0000
0000

1101
1110
0000
0000

1101
1100
0000
0000

1101
1100
0000
0000

1101
1000
0000
0000

1101
1000
0000
0000

1101
0000
0000
0000

1101
0000
0000
0000

1100
0000
0000
0000

1100
0000
0000
0000

Error found !!
Memory Test Failed
1100
0000
0000
0000

1100
0000
0000
0000

1000
0000
0000
0000

1000
0000
0000
0000

0000
0000
0000
0000

R1,W0 (down) done
0000
0000
0000
0000

R0 (updown) beginning
0000
0000
0000
0000

0000
0000
0000
0000

0000
0000
0000
0000

0000
0000
0000
0000

0000
0000
0000
0000

0000
0000
0000
0000

0000
0000
0000
0000

0000
0000
0000
0000

0000
0000
0000
0000

0000
0000
0000
0000

0000
0000
0000
0000

0000
0000
0000
0000

0000
0000
0000
0000

0000
0000
0000
0000

0000
0000
0000
0000

0000
0000
0000
0000

R0 (updown) done
$finish called at time : 335 ns : File "C:/Users/rajat/Downloads/Memory Design Project/MDT/MDT.srcs/sim_1/new/MarchCminus_tb.v" Line 398
INFO: [USF-XSim-96] XSim completed. Design snapshot 'MarchCminus_tb_behav' loaded.
INFO: [USF-XSim-97] XSim simulation ran for 1000ns
launch_simulation: Time (s): cpu = 00:00:03 ; elapsed = 00:00:07 . Memory (MB): peak = 941.453 ; gain = 0.000
close_sim
INFO: [Simtcl 6-16] Simulation closed
launch_simulation
Command: launch_simulation 
INFO: [Vivado 12-5682] Launching behavioral simulation in 'C:/Users/rajat/Downloads/Memory Design Project/MDT/MDT.sim/sim_1/behav/xsim'
INFO: [SIM-utils-51] Simulation object is 'sim_1'
INFO: [SIM-utils-54] Inspecting design source files for 'MarchCminus_tb' in fileset 'sim_1'...
INFO: [USF-XSim-97] Finding global include files...
INFO: [USF-XSim-98] Fetching design files from 'sim_1'...
INFO: [USF-XSim-2] XSim::Compile design
INFO: [USF-XSim-61] Executing 'COMPILE and ANALYZE' step in 'C:/Users/rajat/Downloads/Memory Design Project/MDT/MDT.sim/sim_1/behav/xsim'
"xvlog --incr --relax -prj MarchCminus_tb_vlog.prj"
INFO: [VRFC 10-2263] Analyzing Verilog file "C:/Users/rajat/Downloads/Memory Design Project/MDT/MDT.srcs/sources_1/new/memory_inversion.v" into library xil_defaultlib
INFO: [VRFC 10-311] analyzing module memory_InvC
INFO: [VRFC 10-2263] Analyzing Verilog file "C:/Users/rajat/Downloads/Memory Design Project/MDT/MDT.srcs/sim_1/new/MarchCminus_tb.v" into library xil_defaultlib
INFO: [VRFC 10-311] analyzing module MarchCminus_tb
INFO: [USF-XSim-69] 'compile' step finished in '2' seconds
INFO: [USF-XSim-3] XSim::Elaborate design
INFO: [USF-XSim-61] Executing 'ELABORATE' step in 'C:/Users/rajat/Downloads/Memory Design Project/MDT/MDT.sim/sim_1/behav/xsim'
"xelab -wto 9d6e2a3a01a149099c0dca59099b59db --incr --debug typical --relax --mt 2 -L xil_defaultlib -L unisims_ver -L unimacro_ver -L secureip --snapshot MarchCminus_tb_behav xil_defaultlib.MarchCminus_tb xil_defaultlib.glbl -log elaborate.log"
Vivado Simulator 2019.2
Copyright 1986-1999, 2001-2019 Xilinx, Inc. All Rights Reserved.
Running: D:/Xilinx/Vivado/2019.2/bin/unwrapped/win64.o/xelab.exe -wto 9d6e2a3a01a149099c0dca59099b59db --incr --debug typical --relax --mt 2 -L xil_defaultlib -L unisims_ver -L unimacro_ver -L secureip --snapshot MarchCminus_tb_behav xil_defaultlib.MarchCminus_tb xil_defaultlib.glbl -log elaborate.log 
Using 2 slave threads.
Starting static elaboration
Pass Through NonSizing Optimizer
Completed static elaboration
Starting simulation data flow analysis
Completed simulation data flow analysis
Time Resolution for simulation is 1ps
Compiling module xil_defaultlib.memory_InvC_default
Compiling module xil_defaultlib.MarchCminus_tb
Compiling module xil_defaultlib.glbl
Built simulation snapshot MarchCminus_tb_behav
INFO: [USF-XSim-69] 'elaborate' step finished in '2' seconds
INFO: [USF-XSim-4] XSim::Simulate design
INFO: [USF-XSim-61] Executing 'SIMULATE' step in 'C:/Users/rajat/Downloads/Memory Design Project/MDT/MDT.sim/sim_1/behav/xsim'
INFO: [USF-XSim-98] *** Running xsim
   with args "MarchCminus_tb_behav -key {Behavioral:sim_1:Functional:MarchCminus_tb} -tclbatch {MarchCminus_tb.tcl} -log {simulate.log}"
INFO: [USF-XSim-8] Loading simulator feature
Vivado Simulator 2019.2
Time resolution is 1 ps
source MarchCminus_tb.tcl
# set curr_wave [current_wave_config]
# if { [string length $curr_wave] == 0 } {
#   if { [llength [get_objects]] > 0} {
#     add_wave /
#     set_property needs_save false [current_wave_config]
#   } else {
#      send_msg_id Add_Wave-1 WARNING "No top level signals found. Simulator will start without a wave window. If you want to open a wave window go to 'File->New Waveform Configuration' or type 'create_wave_config' in the TCL console."
#   }
# }
# run 1000ns
xxxx
xxxx
xxxx
xxxx

0010
0000
0000
0000

0000
0000
0000
0000

W0 (updown) beginning
0000
0000
0000
0000

0000
0000
0000
0000

0000
0000
0000
0000

0000
0000
0000
0000

0000
0000
0000
0000

0000
0000
0000
0000

0000
0000
0000
0000

0000
0000
0000
0000

0000
0000
0000
0000

0000
0000
0000
0000

0000
0000
0000
0000

0000
0000
0000
0000

0000
0000
0000
0000

0000
0000
0000
0000

0000
0000
0000
0000

0000
0000
0000
0000

W0 (updown) done
0000
0000
0000
0000

R0,W1 (up) beginning
0000
0000
0000
0000

1000
0000
0000
0000

1000
0000
0000
0000

1100
0000
0000
0000

1100
0000
0000
0000

1110
0000
0000
0000

1110
0000
0000
0000

1111
0000
0000
0000

1111
0000
0000
0000

1111
1000
0000
0000

1111
1000
0000
0000

1111
1100
0000
0000

1111
1100
0000
0000

1111
1110
0000
0000

1111
1110
0000
0000

1111
1111
0000
0000

1111
1111
0000
0000

1111
1111
1000
0000

1111
1111
1000
0000

1111
1111
1100
0000

1111
1111
1100
0000

1111
1111
1110
0000

1111
1111
1110
0000

1101
1111
1111
0000

1101
1111
1111
0000

1101
1111
1111
1000

1101
1111
1111
1000

1101
1111
1111
1100

1101
1111
1111
1100

1101
1111
1111
1110

1101
1111
1111
1110

1101
1111
1111
1111

R0,W1 (up) done
1101
1111
1111
1111

R1,W0 (up) beginning
1101
1111
1111
1111

0101
1111
1111
1111

0101
1111
1111
1111

0001
1111
1111
1111

0001
1111
1111
1111

Error found !!
Memory Test Failed
$finish called at time : 115 ns : File "C:/Users/rajat/Downloads/Memory Design Project/MDT/MDT.srcs/sim_1/new/MarchCminus_tb.v" Line 429
INFO: [USF-XSim-96] XSim completed. Design snapshot 'MarchCminus_tb_behav' loaded.
INFO: [USF-XSim-97] XSim simulation ran for 1000ns
launch_simulation: Time (s): cpu = 00:00:03 ; elapsed = 00:00:07 . Memory (MB): peak = 951.781 ; gain = 0.000
close_sim
INFO: [Simtcl 6-16] Simulation closed
exit
INFO: [Common 17-206] Exiting Vivado at Mon Apr 19 19:07:19 2021...
