Vivado Simulator 2019.2
Time resolution is 1 ps
xxxx
xxxx
xxxx
xxxx

0010
0000
0000
0000

0000
0000
0000
0000

W0 (updown) beginning
0000
0000
0000
0000

0000
0000
0000
0000

0000
0000
0000
0000

0000
0000
0000
0000

0000
0000
0000
0000

0000
0000
0000
0000

0000
0000
0000
0000

0000
0000
0000
0000

0000
0000
0000
0000

0000
0000
0000
0000

0000
0000
0000
0000

0000
0000
0000
0000

0000
0000
0000
0000

0000
0000
0000
0000

0000
0000
0000
0000

0000
0000
0000
0000

W0 (updown) done
0000
0000
0000
0000

R0,W1 (up) beginning
0000
0000
0000
0000

1000
0000
0000
0000

1000
0000
0000
0000

1100
0000
0000
0000

1100
0000
0000
0000

1110
0000
0000
0000

1110
0000
0000
0000

1111
0000
0000
0000

1111
0000
0000
0000

1111
1000
0000
0000

1111
1000
0000
0000

1111
1100
0000
0000

1111
1100
0000
0000

1111
1110
0000
0000

1111
1110
0000
0000

1111
1111
0000
0000

1111
1111
0000
0000

1111
1111
1000
0000

1111
1111
1000
0000

1111
1111
1100
0000

1111
1111
1100
0000

1111
1111
1110
0000

1111
1111
1110
0000

1101
1111
1111
0000

1101
1111
1111
0000

1101
1111
1111
1000

1101
1111
1111
1000

1101
1111
1111
1100

1101
1111
1111
1100

1101
1111
1111
1110

1101
1111
1111
1110

1101
1111
1111
1111

R0,W1 (up) done
1101
1111
1111
1111

R1,W0 (up) beginning
1101
1111
1111
1111

0101
1111
1111
1111

0101
1111
1111
1111

0001
1111
1111
1111

0001
1111
1111
1111

Error found !!
Memory Test Failed
$finish called at time : 115 ns : File "C:/Users/rajat/Downloads/Memory Design Project/MDT/MDT.srcs/sim_1/new/MarchCminus_tb.v" Line 429
